[0.049s] Invoking command in '/home/user/workspace/pyrobot/moveit_docker_activate/build/new_config2': AMENT_PREFIX_PATH=/home/user/workspace/pyrobot/moveit_docker_activate/install/robot_description:/home/user/workspace/pyrobot/moveit_docker_activate/install/new_config3:/home/user/workspace/pyrobot/moveit_docker_activate/install/new_config2:/home/user/workspace/pyrobot/moveit_docker_activate/install/moveit2_robot_arm_control:/home/user/workspace/pyrobot/moveit_docker_activate/install/robot_arm_interfaces:/home/user/workspace/pyrobot/moveit_docker_activate/install/new_config:/home/user/workspace/pyrobot/moveit_docker_activate/install/pros_car_py:/home/user/workspace/ws_moveit2/install/pilz_industrial_motion_planner_testutils:/home/user/workspace/ws_moveit2/install/moveit_runtime:/home/user/workspace/ws_moveit2/install/moveit2_tutorials:/home/user/workspace/ws_moveit2/install/moveit:/home/user/workspace/ws_moveit2/install/moveit_planners:/home/user/workspace/ws_moveit2/install/pilz_industrial_motion_planner:/home/user/workspace/ws_moveit2/install/moveit_visual_tools:/home/user/workspace/ws_moveit2/install/moveit_task_constructor_visualization:/home/user/workspace/ws_moveit2/install/moveit_task_constructor_demo:/home/user/workspace/ws_moveit2/install/moveit_task_constructor_capabilities:/home/user/workspace/ws_moveit2/install/moveit_task_constructor_core:/home/user/workspace/ws_moveit2/install/moveit_ros_control_interface:/home/user/workspace/ws_moveit2/install/moveit_plugins:/home/user/workspace/ws_moveit2/install/moveit_simple_controller_manager:/home/user/workspace/ws_moveit2/install/moveit_setup_assistant:/home/user/workspace/ws_moveit2/install/moveit_setup_srdf_plugins:/home/user/workspace/ws_moveit2/install/moveit_setup_core_plugins:/home/user/workspace/ws_moveit2/install/moveit_setup_controllers:/home/user/workspace/ws_moveit2/install/moveit_setup_app_plugins:/home/user/workspace/ws_moveit2/install/moveit_setup_framework:/home/user/workspace/ws_moveit2/install/moveit_servo:/home/user/workspace/ws_moveit2/install/moveit_ros:/home/user/workspace/ws_moveit2/install/moveit_ros_visualization:/home/user/workspace/ws_moveit2/install/moveit_hybrid_planning:/home/user/workspace/ws_moveit2/install/moveit_ros_planning_interface:/home/user/workspace/ws_moveit2/install/moveit_ros_benchmarks:/home/user/workspace/ws_moveit2/install/moveit_ros_warehouse:/home/user/workspace/ws_moveit2/install/moveit_ros_robot_interaction:/home/user/workspace/ws_moveit2/install/moveit_ros_perception:/home/user/workspace/ws_moveit2/install/moveit_resources_prbt_pg70_support:/home/user/workspace/ws_moveit2/install/moveit_resources_prbt_moveit_config:/home/user/workspace/ws_moveit2/install/moveit_ros_move_group:/home/user/workspace/ws_moveit2/install/moveit_planners_ompl:/home/user/workspace/ws_moveit2/install/moveit_ros_planning:/home/user/workspace/ws_moveit2/install/moveit_ros_occupancy_map_monitor:/home/user/workspace/ws_moveit2/install/moveit_resources_prbt_ikfast_manipulator_plugin:/home/user/workspace/ws_moveit2/install/moveit_planners_chomp:/home/user/workspace/ws_moveit2/install/moveit_kinematics:/home/user/workspace/ws_moveit2/install/moveit_chomp_optimizer_adapter:/home/user/workspace/ws_moveit2/install/chomp_motion_planner:/home/user/workspace/ws_moveit2/install/moveit_core:/home/user/workspace/ws_moveit2/install/moveit_configs_utils:/home/user/workspace/ws_moveit2/install/srdfdom:/home/user/workspace/ws_moveit2/install/rviz_marker_tools:/home/user/workspace/ws_moveit2/install/rosparam_shortcuts:/home/user/workspace/ws_moveit2/install/moveit_task_constructor_msgs:/home/user/workspace/ws_moveit2/install/moveit_resources_prbt_support:/home/user/workspace/ws_moveit2/install/moveit_resources:/home/user/workspace/ws_moveit2/install/moveit_resources_pr2_description:/home/user/workspace/ws_moveit2/install/moveit_resources_panda_moveit_config:/home/user/workspace/ws_moveit2/install/moveit_resources_panda_description:/home/user/workspace/ws_moveit2/install/moveit_resources_fanuc_moveit_config:/home/user/workspace/ws_moveit2/install/moveit_resources_fanuc_description:/home/user/workspace/ws_moveit2/install/moveit_common:/home/user/workspace/ws_moveit2/install/launch_param_builder:/opt/ros/humble CMAKE_PREFIX_PATH=${CMAKE_PREFIX_PATH}:/home/user/workspace/pyrobot/moveit_docker_activate/install/robot_description:/home/user/workspace/pyrobot/moveit_docker_activate/install/pros_car_py:/home/user/workspace/ws_moveit2/install/moveit_configs_utils:/home/user/workspace/ws_moveit2/install/launch_param_builder:/opt/ros/humble PYTHONPATH=/home/user/workspace/pyrobot/moveit_docker_activate/install/robot_description/lib/python3.10/site-packages:/home/user/workspace/pyrobot/moveit_docker_activate/install/robot_arm_interfaces/local/lib/python3.10/dist-packages:/home/user/workspace/pyrobot/moveit_docker_activate/install/pros_car_py/lib/python3.10/site-packages:/home/user/workspace/ws_moveit2/install/moveit_task_constructor_core/local/lib/python3.10/dist-packages:/home/user/workspace/ws_moveit2/install/moveit_configs_utils/lib/python3.10/site-packages:/home/user/workspace/ws_moveit2/install/srdfdom/local/lib/python3.10/dist-packages:/home/user/workspace/ws_moveit2/install/moveit_task_constructor_msgs/local/lib/python3.10/dist-packages:/home/user/workspace/ws_moveit2/install/launch_param_builder/lib/python3.10/site-packages:/opt/ros/humble/lib/python3.10/site-packages:/opt/ros/humble/local/lib/python3.10/dist-packages /usr/bin/cmake --build /home/user/workspace/pyrobot/moveit_docker_activate/build/new_config2 -- -j16 -l16
[0.075s] Invoked command in '/home/user/workspace/pyrobot/moveit_docker_activate/build/new_config2' returned '0': AMENT_PREFIX_PATH=/home/user/workspace/pyrobot/moveit_docker_activate/install/robot_description:/home/user/workspace/pyrobot/moveit_docker_activate/install/new_config3:/home/user/workspace/pyrobot/moveit_docker_activate/install/new_config2:/home/user/workspace/pyrobot/moveit_docker_activate/install/moveit2_robot_arm_control:/home/user/workspace/pyrobot/moveit_docker_activate/install/robot_arm_interfaces:/home/user/workspace/pyrobot/moveit_docker_activate/install/new_config:/home/user/workspace/pyrobot/moveit_docker_activate/install/pros_car_py:/home/user/workspace/ws_moveit2/install/pilz_industrial_motion_planner_testutils:/home/user/workspace/ws_moveit2/install/moveit_runtime:/home/user/workspace/ws_moveit2/install/moveit2_tutorials:/home/user/workspace/ws_moveit2/install/moveit:/home/user/workspace/ws_moveit2/install/moveit_planners:/home/user/workspace/ws_moveit2/install/pilz_industrial_motion_planner:/home/user/workspace/ws_moveit2/install/moveit_visual_tools:/home/user/workspace/ws_moveit2/install/moveit_task_constructor_visualization:/home/user/workspace/ws_moveit2/install/moveit_task_constructor_demo:/home/user/workspace/ws_moveit2/install/moveit_task_constructor_capabilities:/home/user/workspace/ws_moveit2/install/moveit_task_constructor_core:/home/user/workspace/ws_moveit2/install/moveit_ros_control_interface:/home/user/workspace/ws_moveit2/install/moveit_plugins:/home/user/workspace/ws_moveit2/install/moveit_simple_controller_manager:/home/user/workspace/ws_moveit2/install/moveit_setup_assistant:/home/user/workspace/ws_moveit2/install/moveit_setup_srdf_plugins:/home/user/workspace/ws_moveit2/install/moveit_setup_core_plugins:/home/user/workspace/ws_moveit2/install/moveit_setup_controllers:/home/user/workspace/ws_moveit2/install/moveit_setup_app_plugins:/home/user/workspace/ws_moveit2/install/moveit_setup_framework:/home/user/workspace/ws_moveit2/install/moveit_servo:/home/user/workspace/ws_moveit2/install/moveit_ros:/home/user/workspace/ws_moveit2/install/moveit_ros_visualization:/home/user/workspace/ws_moveit2/install/moveit_hybrid_planning:/home/user/workspace/ws_moveit2/install/moveit_ros_planning_interface:/home/user/workspace/ws_moveit2/install/moveit_ros_benchmarks:/home/user/workspace/ws_moveit2/install/moveit_ros_warehouse:/home/user/workspace/ws_moveit2/install/moveit_ros_robot_interaction:/home/user/workspace/ws_moveit2/install/moveit_ros_perception:/home/user/workspace/ws_moveit2/install/moveit_resources_prbt_pg70_support:/home/user/workspace/ws_moveit2/install/moveit_resources_prbt_moveit_config:/home/user/workspace/ws_moveit2/install/moveit_ros_move_group:/home/user/workspace/ws_moveit2/install/moveit_planners_ompl:/home/user/workspace/ws_moveit2/install/moveit_ros_planning:/home/user/workspace/ws_moveit2/install/moveit_ros_occupancy_map_monitor:/home/user/workspace/ws_moveit2/install/moveit_resources_prbt_ikfast_manipulator_plugin:/home/user/workspace/ws_moveit2/install/moveit_planners_chomp:/home/user/workspace/ws_moveit2/install/moveit_kinematics:/home/user/workspace/ws_moveit2/install/moveit_chomp_optimizer_adapter:/home/user/workspace/ws_moveit2/install/chomp_motion_planner:/home/user/workspace/ws_moveit2/install/moveit_core:/home/user/workspace/ws_moveit2/install/moveit_configs_utils:/home/user/workspace/ws_moveit2/install/srdfdom:/home/user/workspace/ws_moveit2/install/rviz_marker_tools:/home/user/workspace/ws_moveit2/install/rosparam_shortcuts:/home/user/workspace/ws_moveit2/install/moveit_task_constructor_msgs:/home/user/workspace/ws_moveit2/install/moveit_resources_prbt_support:/home/user/workspace/ws_moveit2/install/moveit_resources:/home/user/workspace/ws_moveit2/install/moveit_resources_pr2_description:/home/user/workspace/ws_moveit2/install/moveit_resources_panda_moveit_config:/home/user/workspace/ws_moveit2/install/moveit_resources_panda_description:/home/user/workspace/ws_moveit2/install/moveit_resources_fanuc_moveit_config:/home/user/workspace/ws_moveit2/install/moveit_resources_fanuc_description:/home/user/workspace/ws_moveit2/install/moveit_common:/home/user/workspace/ws_moveit2/install/launch_param_builder:/opt/ros/humble CMAKE_PREFIX_PATH=${CMAKE_PREFIX_PATH}:/home/user/workspace/pyrobot/moveit_docker_activate/install/robot_description:/home/user/workspace/pyrobot/moveit_docker_activate/install/pros_car_py:/home/user/workspace/ws_moveit2/install/moveit_configs_utils:/home/user/workspace/ws_moveit2/install/launch_param_builder:/opt/ros/humble PYTHONPATH=/home/user/workspace/pyrobot/moveit_docker_activate/install/robot_description/lib/python3.10/site-packages:/home/user/workspace/pyrobot/moveit_docker_activate/install/robot_arm_interfaces/local/lib/python3.10/dist-packages:/home/user/workspace/pyrobot/moveit_docker_activate/install/pros_car_py/lib/python3.10/site-packages:/home/user/workspace/ws_moveit2/install/moveit_task_constructor_core/local/lib/python3.10/dist-packages:/home/user/workspace/ws_moveit2/install/moveit_configs_utils/lib/python3.10/site-packages:/home/user/workspace/ws_moveit2/install/srdfdom/local/lib/python3.10/dist-packages:/home/user/workspace/ws_moveit2/install/moveit_task_constructor_msgs/local/lib/python3.10/dist-packages:/home/user/workspace/ws_moveit2/install/launch_param_builder/lib/python3.10/site-packages:/opt/ros/humble/lib/python3.10/site-packages:/opt/ros/humble/local/lib/python3.10/dist-packages /usr/bin/cmake --build /home/user/workspace/pyrobot/moveit_docker_activate/build/new_config2 -- -j16 -l16
[0.096s] Traceback (most recent call last):
  File "/usr/lib/python3/dist-packages/colcon_parallel_executor/executor/parallel.py", line 75, in execute
    loop.run_until_complete(future)
  File "/usr/lib/python3.10/asyncio/base_events.py", line 636, in run_until_complete
    self.run_forever()
  File "/usr/lib/python3.10/asyncio/base_events.py", line 603, in run_forever
    self._run_once()
  File "/usr/lib/python3.10/asyncio/base_events.py", line 1871, in _run_once
    event_list = self._selector.select(timeout)
  File "/usr/lib/python3.10/selectors.py", line 469, in select
    fd_event_list = self._selector.poll(timeout, max_ev)
KeyboardInterrupt

During handling of the above exception, another exception occurred:

Traceback (most recent call last):
  File "/usr/lib/python3/dist-packages/colcon_core/executor/__init__.py", line 91, in __call__
    rc = await self.task(*args, **kwargs)
  File "/usr/lib/python3/dist-packages/colcon_core/task/__init__.py", line 93, in __call__
    return await task_method(*args, **kwargs)
  File "/usr/lib/python3/dist-packages/colcon_ros/task/ament_cmake/build.py", line 59, in build
    rc = await extension.build(
  File "/usr/lib/python3/dist-packages/colcon_cmake/task/cmake/build.py", line 110, in build
    if await has_target(args.build_base, 'install'):
  File "/usr/lib/python3/dist-packages/colcon_cmake/task/cmake/__init__.py", line 57, in has_target
    return target in await get_makefile_targets(path)
  File "/usr/lib/python3/dist-packages/colcon_cmake/task/cmake/__init__.py", line 77, in get_makefile_targets
    output = await check_output([
  File "/usr/lib/python3/dist-packages/colcon_core/subprocess.py", line 129, in check_output
    assert not rc, f'Expected {args} to pass: {stderr_data}'
AssertionError: Expected ['/usr/bin/cmake', '--build', '/home/user/workspace/pyrobot/moveit_docker_activate/build/new_config2', '--target', 'help'] to pass: gmake: *** wait: No child processes.  Stop.
gmake: *** Waiting for unfinished jobs....
gmake: *** wait: No child processes.  Stop.

